0 info it worked if it ends with ok
1 verbose cli [ 'C:\\Program Files\\nodejs\\node.exe',
1 verbose cli   'C:\\Program Files\\nodejs\\node_modules\\npm\\bin\\npm-cli.js',
1 verbose cli   'start' ]
2 info using npm@3.10.10
<<<<<<< HEAD
3 info using node@v6.11.1
4 verbose stack Error: ENOENT: no such file or directory, open 'D:\BBIndia2\package.json'
4 verbose stack     at Error (native)
5 verbose cwd D:\BBIndia2
6 error Windows_NT 10.0.14393
=======
3 info using node@v6.11.3
4 verbose stack Error: ENOENT: no such file or directory, open 'E:\BBIndia\package.json'
4 verbose stack     at Error (native)
5 verbose cwd E:\BBIndia
6 error Windows_NT 10.0.15063
>>>>>>> 501eaf7e940381d4d223e88bdeab7e725a50723c
7 error argv "C:\\Program Files\\nodejs\\node.exe" "C:\\Program Files\\nodejs\\node_modules\\npm\\bin\\npm-cli.js" "start"
8 error node v6.11.1
9 error npm  v3.10.10
<<<<<<< HEAD
10 error path D:\BBIndia2\package.json
11 error code ENOENT
12 error errno -4058
13 error syscall open
14 error enoent ENOENT: no such file or directory, open 'D:\BBIndia2\package.json'
15 error enoent ENOENT: no such file or directory, open 'D:\BBIndia2\package.json'
=======
10 error path E:\BBIndia\package.json
11 error code ENOENT
12 error errno -4058
13 error syscall open
14 error enoent ENOENT: no such file or directory, open 'E:\BBIndia\package.json'
15 error enoent ENOENT: no such file or directory, open 'E:\BBIndia\package.json'
>>>>>>> 501eaf7e940381d4d223e88bdeab7e725a50723c
15 error enoent This is most likely not a problem with npm itself
15 error enoent and is related to npm not being able to find a file.
16 verbose exit [ -4058, true ]
